Using pre-set license
Built from '2021.2/staging' branch; Version is '2021.2.8f1 (d0e5f0a7b06a) revision 13690352'; Using compiler version '192829333'; Build Type 'Release'
OS: 'Windows 10  (10.0.19043) 64bit Core' Language: 'it' Physical Memory: 16315 MB
BatchMode: 1, IsHumanControllingUs: 0, StartBugReporterOnCrash: 0, Is64bit: 1, IsPro: 0

COMMAND LINE ARGUMENTS:
C:\Program Files\Unity\Hub\Editor\2021.2.8f1\Editor\Unity.exe
-adb2
-batchMode
-noUpm
-name
AssetImportWorker0
-projectPath
C:/Users/green/Desktop/UnityProjects/GGJ2022
-logFile
Logs/AssetImportWorker0.log
-srvPort
58589
Successfully changed project path to: C:/Users/green/Desktop/UnityProjects/GGJ2022
C:/Users/green/Desktop/UnityProjects/GGJ2022
[UnityMemory] Configuration Parameters - Can be set up in boot.config
    "memorysetup-bucket-allocator-granularity=16"
    "memorysetup-bucket-allocator-bucket-count=8"
    "memorysetup-bucket-allocator-block-size=33554432"
    "memorysetup-bucket-allocator-block-count=8"
    "memorysetup-main-allocator-block-size=16777216"
    "memorysetup-thread-allocator-block-size=16777216"
    "memorysetup-gfx-main-allocator-block-size=16777216"
    "memorysetup-gfx-thread-allocator-block-size=16777216"
    "memorysetup-cache-allocator-block-size=4194304"
    "memorysetup-typetree-allocator-block-size=2097152"
    "memorysetup-profiler-bucket-allocator-granularity=16"
    "memorysetup-profiler-bucket-allocator-bucket-count=8"
    "memorysetup-profiler-bucket-allocator-block-size=33554432"
    "memorysetup-profiler-bucket-allocator-block-count=8"
    "memorysetup-profiler-allocator-block-size=16777216"
    "memorysetup-profiler-editor-allocator-block-size=1048576"
    "memorysetup-temp-allocator-size-main=16777216"
    "memorysetup-job-temp-allocator-block-size=2097152"
    "memorysetup-job-temp-allocator-block-size-background=1048576"
    "memorysetup-job-temp-allocator-reduction-small-platforms=262144"
    "memorysetup-temp-allocator-size-background-worker=32768"
    "memorysetup-temp-allocator-size-job-worker=262144"
    "memorysetup-temp-allocator-size-preload-manager=33554432"
    "memorysetup-temp-allocator-size-nav-mesh-worker=65536"
    "memorysetup-temp-allocator-size-audio-worker=65536"
    "memorysetup-temp-allocator-size-cloud-worker=32768"
    "memorysetup-temp-allocator-size-gi-baking-worker=262144"
    "memorysetup-temp-allocator-size-gfx=262144"
Refreshing native plugins compatible for Editor in 106.57 ms, found 4 plugins.
Preloading 0 native plugins for Editor in 0.00 ms.
Initialize engine version: 2021.2.8f1 (d0e5f0a7b06a)
[Subsystems] Discovering subsystems at path C:/Program Files/Unity/Hub/Editor/2021.2.8f1/Editor/Data/Resources/UnitySubsystems
[Subsystems] Discovering subsystems at path C:/Users/green/Desktop/UnityProjects/GGJ2022/Assets
GfxDevice: creating device client; threaded=0; jobified=0
Direct3D:
    Version:  Direct3D 11.0 [level 11.1]
    Renderer: Radeon RX 590 Series (ID=0x67df)
    Vendor:   ATI
    VRAM:     8171 MB
    Driver:   30.0.13023.1012
Initialize mono
Mono path[0] = 'C:/Program Files/Unity/Hub/Editor/2021.2.8f1/Editor/Data/Managed'
Mono path[1] = 'C:/Program Files/Unity/Hub/Editor/2021.2.8f1/Editor/Data/MonoBleedingEdge/lib/mono/unityjit-win32'
Mono config path = 'C:/Program Files/Unity/Hub/Editor/2021.2.8f1/Editor/Data/MonoBleedingEdge/etc'
Using monoOptions --debugger-agent=transport=dt_socket,embedding=1,server=y,suspend=n,address=127.0.0.1:56852
Begin MonoManager ReloadAssembly
Registering precompiled unity dll's ...
Register platform support module: C:/Program Files/Unity/Hub/Editor/2021.2.8f1/Editor/Data/PlaybackEngines/WindowsStandaloneSupport/UnityEditor.WindowsStandalone.Extensions.dll
Registered in 0.011813 seconds.
Native extension for WindowsStandalone target not found
Refreshing native plugins compatible for Editor in 102.96 ms, found 4 plugins.
Preloading 0 native plugins for Editor in 0.00 ms.
Mono: successfully reloaded assembly
- Completed reload, in  0.835 seconds
Domain Reload Profiling:
	ReloadAssembly (835ms)
		BeginReloadAssembly (95ms)
			ExecutionOrderSort (0ms)
			DisableScriptedObjects (0ms)
			BackupInstance (0ms)
			ReleaseScriptingObjects (0ms)
			CreateAndSetChildDomain (1ms)
		EndReloadAssembly (629ms)
			LoadAssemblies (91ms)
			RebuildTransferFunctionScriptingTraits (0ms)
			SetupTypeCache (169ms)
			ReleaseScriptCaches (0ms)
			RebuildScriptCaches (34ms)
			SetupLoadedEditorAssemblies (347ms)
				LogAssemblyErrors (0ms)
				InitializePlatformSupportModulesInManaged (19ms)
				SetLoadedEditorAssemblies (0ms)
				RefreshPlugins (103ms)
				BeforeProcessingInitializeOnLoad (1ms)
				ProcessInitializeOnLoadAttributes (169ms)
				ProcessInitializeOnLoadMethodAttributes (54ms)
				AfterProcessingInitializeOnLoad (0ms)
				EditorAssembliesLoaded (0ms)
			ExecutionOrderSort2 (0ms)
			AwakeInstancesAfterBackupRestoration (0ms)
Platform modules already initialized, skipping
Registering precompiled user dll's ...
Registered in 0.011276 seconds.
Begin MonoManager ReloadAssembly
Symbol file LoadedFromMemory doesn't match image C:\Users\green\Desktop\UnityProjects\GGJ2022\Library\PackageCache\com.unity.visualscripting@1.7.6\Editor\VisualScripting.Core\Dependencies\YamlDotNet\Unity.VisualScripting.YamlDotNet.dll
Symbol file LoadedFromMemory doesn't match image C:\Users\green\Desktop\UnityProjects\GGJ2022\Library\PackageCache\com.unity.visualscripting@1.7.6\Editor\VisualScripting.Core\Dependencies\DotNetZip\Unity.VisualScripting.IonicZip.dll
Native extension for WindowsStandalone target not found
Refreshing native plugins compatible for Editor in 102.24 ms, found 4 plugins.
Preloading 0 native plugins for Editor in 0.00 ms.
Mono: successfully reloaded assembly
- Completed reload, in  1.843 seconds
Domain Reload Profiling:
	ReloadAssembly (1844ms)
		BeginReloadAssembly (145ms)
			ExecutionOrderSort (0ms)
			DisableScriptedObjects (7ms)
			BackupInstance (0ms)
			ReleaseScriptingObjects (0ms)
			CreateAndSetChildDomain (22ms)
		EndReloadAssembly (1573ms)
			LoadAssemblies (111ms)
			RebuildTransferFunctionScriptingTraits (0ms)
			SetupTypeCache (280ms)
			ReleaseScriptCaches (1ms)
			RebuildScriptCaches (63ms)
			SetupLoadedEditorAssemblies (1076ms)
				LogAssemblyErrors (0ms)
				InitializePlatformSupportModulesInManaged (13ms)
				SetLoadedEditorAssemblies (0ms)
				RefreshPlugins (102ms)
				BeforeProcessingInitializeOnLoad (120ms)
				ProcessInitializeOnLoadAttributes (788ms)
				ProcessInitializeOnLoadMethodAttributes (40ms)
				AfterProcessingInitializeOnLoad (12ms)
				EditorAssembliesLoaded (0ms)
			ExecutionOrderSort2 (0ms)
			AwakeInstancesAfterBackupRestoration (6ms)
Platform modules already initialized, skipping
========================================================================
Worker process is ready to serve import requests
Launched and connected shader compiler UnityShaderCompiler.exe after 0.06 seconds
Refreshing native plugins compatible for Editor in 0.87 ms, found 4 plugins.
Preloading 0 native plugins for Editor in 0.00 ms.
Unloading 3903 Unused Serialized files (Serialized files now loaded: 0)
Unloading 43 unused Assets / (225.5 KB). Loaded Objects now: 4352.
Memory consumption went from 146.8 MB to 146.6 MB.
Total: 4.233600 ms (FindLiveObjects: 0.392300 ms CreateObjectMapping: 0.104500 ms MarkObjects: 3.562500 ms  DeleteObjects: 0.173100 ms)

AssetImportParameters requested are different than current active one (requested -> active):
  custom:video-decoder-ogg-theora: a1e56fd34408186e4bbccfd4996cb3dc -> 
  custom:container-muxer-webm: aa71ff27fc2769a1b78a27578f13a17b -> 
  custom:container-demuxer-webm: 4f35f7cbe854078d1ac9338744f61a02 -> 
  custom:video-encoder-webm-vp8: eb34c28f22e8b96e1ab97ce403110664 -> 
  custom:audio-encoder-webm-vorbis: bf7c407c2cedff20999df2af8eb42d56 -> 
  custom:framework-win-MediaFoundation: 216162199b28c13a410421893ffa2e32 -> 
  custom:container-demuxer-ogg: 62fdf1f143b41e24485cea50d1cbac27 -> 
  custom:video-decoder-webm-vp8: 9c59270c3fd7afecdb556c50c9e8de78 -> 
  custom:audio-decoder-ogg-vorbis: bf7c407c2cedff20999df2af8eb42d56 -> 
========================================================================
Received Import Request.
  Time since last request: 454664.333080 seconds.
  path: Assets/Scenes/SampleScene.unity
  artifactKey: Guid(2cda990e2423bbf4892e6590ba056729) Importer(2089858483,934ff659095e30574adcf32a4c2f97b5)
Start importing Assets/Scenes/SampleScene.unity using Guid(2cda990e2423bbf4892e6590ba056729) Importer(2089858483,934ff659095e30574adcf32a4c2f97b5) Generated GUIDs only implemented for interfaces!
 -> (artifact id: '883fda9779f85b363ea96e6aa1b06f0b') in 0.073437 seconds 
========================================================================
Received Import Request.
  Time since last request: 5.907886 seconds.
  path: Assets
  artifactKey: Guid(00000000000000001000000000000000) Importer(815301076,1909f56bfc062723c751e8b465ee728b)
Start importing Assets using Guid(00000000000000001000000000000000) Importer(815301076,1909f56bfc062723c751e8b465ee728b)  -> (artifact id: '79842766b460edbeab6a34051e857a80') in 0.002715 seconds 
========================================================================
Received Prepare
Refreshing native plugins compatible for Editor in 6.93 ms, found 4 plugins.
Preloading 0 native plugins for Editor in 0.00 ms.
Unloading 30 Unused Serialized files (Serialized files now loaded: 0)
Unloading 30 unused Assets / (189.6 KB). Loaded Objects now: 4352.
Memory consumption went from 69.2 MB to 69.0 MB.
Total: 4.248700 ms (FindLiveObjects: 0.377300 ms CreateObjectMapping: 0.104100 ms MarkObjects: 3.592600 ms  DeleteObjects: 0.173600 ms)

AssetImportParameters requested are different than current active one (requested -> active):
  custom:video-decoder-ogg-theora: a1e56fd34408186e4bbccfd4996cb3dc -> 
  custom:container-muxer-webm: aa71ff27fc2769a1b78a27578f13a17b -> 
  custom:container-demuxer-webm: 4f35f7cbe854078d1ac9338744f61a02 -> 
  custom:video-encoder-webm-vp8: eb34c28f22e8b96e1ab97ce403110664 -> 
  custom:audio-encoder-webm-vorbis: bf7c407c2cedff20999df2af8eb42d56 -> 
  custom:framework-win-MediaFoundation: 216162199b28c13a410421893ffa2e32 -> 
  custom:SearchIndexIgnoredProperties: e643bd26f0fe6173181afceb89e7c659 -> 
  custom:container-demuxer-ogg: 62fdf1f143b41e24485cea50d1cbac27 -> 
  custom:video-decoder-webm-vp8: 9c59270c3fd7afecdb556c50c9e8de78 -> 
  custom:audio-decoder-ogg-vorbis: bf7c407c2cedff20999df2af8eb42d56 -> 
========================================================================
Received Import Request.
  Time since last request: 7.397514 seconds.
  path: Assets/Scipts
  artifactKey: Guid(7160e14d8f942fd4e9fb42173f7af89a) Importer(2089858483,934ff659095e30574adcf32a4c2f97b5)
Start importing Assets/Scipts using Guid(7160e14d8f942fd4e9fb42173f7af89a) Importer(2089858483,934ff659095e30574adcf32a4c2f97b5) Generated GUIDs only implemented for interfaces!
 -> (artifact id: '205ba76c2d274d60335111e3b69388d8') in 0.005575 seconds 
========================================================================
Received Import Request.
  Time since last request: 8.744478 seconds.
  path: Assets/Sprites
  artifactKey: Guid(4bf8cf800f86fc04385bd9f8b27dc857) Importer(815301076,1909f56bfc062723c751e8b465ee728b)
Start importing Assets/Sprites using Guid(4bf8cf800f86fc04385bd9f8b27dc857) Importer(815301076,1909f56bfc062723c751e8b465ee728b)  -> (artifact id: 'd53ba09dcf0ea54b44c7b54bbd1dc164') in 0.002456 seconds 
========================================================================
Received Import Request.
  Time since last request: 0.971841 seconds.
  path: Assets/Sprites
  artifactKey: Guid(4bf8cf800f86fc04385bd9f8b27dc857) Importer(2089858483,934ff659095e30574adcf32a4c2f97b5)
Start importing Assets/Sprites using Guid(4bf8cf800f86fc04385bd9f8b27dc857) Importer(2089858483,934ff659095e30574adcf32a4c2f97b5) Generated GUIDs only implemented for interfaces!
 -> (artifact id: '79b5523beeda0267caae7eb6a7c6ba8b') in 0.004513 seconds 
========================================================================
Received Import Request.
  Time since last request: 15.949943 seconds.
  path: Assets/Animation
  artifactKey: Guid(beedd37d4996a6a4793a8eefe134d55f) Importer(815301076,1909f56bfc062723c751e8b465ee728b)
Start importing Assets/Animation using Guid(beedd37d4996a6a4793a8eefe134d55f) Importer(815301076,1909f56bfc062723c751e8b465ee728b)  -> (artifact id: '8d83cdf61efde85072a633e716088193') in 0.002906 seconds 
========================================================================
Received Import Request.
  Time since last request: 0.969836 seconds.
  path: Assets/Animation
  artifactKey: Guid(beedd37d4996a6a4793a8eefe134d55f) Importer(2089858483,934ff659095e30574adcf32a4c2f97b5)
Start importing Assets/Animation using Guid(beedd37d4996a6a4793a8eefe134d55f) Importer(2089858483,934ff659095e30574adcf32a4c2f97b5) Generated GUIDs only implemented for interfaces!
 -> (artifact id: 'e5fe81b46d777cc64a83199dc241ba87') in 0.005896 seconds 
========================================================================
Received Import Request.
  Time since last request: 7.929479 seconds.
  path: Assets/Animation/Animators
  artifactKey: Guid(1b8aa98d430e44541901e1ee684904d4) Importer(815301076,1909f56bfc062723c751e8b465ee728b)
Start importing Assets/Animation/Animators using Guid(1b8aa98d430e44541901e1ee684904d4) Importer(815301076,1909f56bfc062723c751e8b465ee728b)  -> (artifact id: 'f08691a61e3540f24a0eb4f0cac14afb') in 0.002544 seconds 
========================================================================
Received Import Request.
  Time since last request: 0.975942 seconds.
  path: Assets/Animation/Animators
  artifactKey: Guid(1b8aa98d430e44541901e1ee684904d4) Importer(2089858483,934ff659095e30574adcf32a4c2f97b5)
Start importing Assets/Animation/Animators using Guid(1b8aa98d430e44541901e1ee684904d4) Importer(2089858483,934ff659095e30574adcf32a4c2f97b5) Generated GUIDs only implemented for interfaces!
 -> (artifact id: '7c4b7ffb5ea7340888344eaa58e2a346') in 0.004548 seconds 
========================================================================
Received Import Request.
  Time since last request: 8.831057 seconds.
  path: Assets/Animation/Player
  artifactKey: Guid(1b8aa98d430e44541901e1ee684904d4) Importer(815301076,1909f56bfc062723c751e8b465ee728b)
Start importing Assets/Animation/Player using Guid(1b8aa98d430e44541901e1ee684904d4) Importer(815301076,1909f56bfc062723c751e8b465ee728b)  -> (artifact id: 'fb2b70be836525b4b6e07fded56dd891') in 0.003343 seconds 
========================================================================
Received Import Request.
  Time since last request: 0.982141 seconds.
  path: Assets/Animation/Player
  artifactKey: Guid(1b8aa98d430e44541901e1ee684904d4) Importer(2089858483,934ff659095e30574adcf32a4c2f97b5)
Start importing Assets/Animation/Player using Guid(1b8aa98d430e44541901e1ee684904d4) Importer(2089858483,934ff659095e30574adcf32a4c2f97b5) Generated GUIDs only implemented for interfaces!
 -> (artifact id: '54e8e3c8a2fb63ba66a9f84635e0b03c') in 0.006495 seconds 
========================================================================
Received Import Request.
  Time since last request: 4.903463 seconds.
  path: Assets/Animation/Enemies
  artifactKey: Guid(d2f7803b6cd071a4d9b5e2de2addbd9a) Importer(815301076,1909f56bfc062723c751e8b465ee728b)
Start importing Assets/Animation/Enemies using Guid(d2f7803b6cd071a4d9b5e2de2addbd9a) Importer(815301076,1909f56bfc062723c751e8b465ee728b)  -> (artifact id: '17a770420970c0a4036cd3c8e9d91031') in 0.002882 seconds 
========================================================================
Received Import Request.
  Time since last request: 0.972777 seconds.
  path: Assets/Animation/Enemies
  artifactKey: Guid(d2f7803b6cd071a4d9b5e2de2addbd9a) Importer(2089858483,934ff659095e30574adcf32a4c2f97b5)
Start importing Assets/Animation/Enemies using Guid(d2f7803b6cd071a4d9b5e2de2addbd9a) Importer(2089858483,934ff659095e30574adcf32a4c2f97b5) Generated GUIDs only implemented for interfaces!
 -> (artifact id: 'f5cd22fc04d8513c4c2d0c13fdbcd8a8') in 0.005694 seconds 
========================================================================
Received Import Request.
  Time since last request: 28.368378 seconds.
  path: Assets/New Folder
  artifactKey: Guid(4feaa48cdb2b38f40b724087377cecba) Importer(815301076,1909f56bfc062723c751e8b465ee728b)
Start importing Assets/New Folder using Guid(4feaa48cdb2b38f40b724087377cecba) Importer(815301076,1909f56bfc062723c751e8b465ee728b)  -> (artifact id: '8675b87202946d898467ec91a25255ea') in 0.003155 seconds 
========================================================================
Received Import Request.
  Time since last request: 0.970059 seconds.
  path: Assets/New Folder
  artifactKey: Guid(4feaa48cdb2b38f40b724087377cecba) Importer(2089858483,934ff659095e30574adcf32a4c2f97b5)
Start importing Assets/New Folder using Guid(4feaa48cdb2b38f40b724087377cecba) Importer(2089858483,934ff659095e30574adcf32a4c2f97b5) Generated GUIDs only implemented for interfaces!
 -> (artifact id: '74b9574a8cfc73e77c8bc0f88137d66e') in 0.005708 seconds 
========================================================================
Received Import Request.
  Time since last request: 82.728778 seconds.
  path: Assets/Prefab
  artifactKey: Guid(4feaa48cdb2b38f40b724087377cecba) Importer(815301076,1909f56bfc062723c751e8b465ee728b)
Start importing Assets/Prefab using Guid(4feaa48cdb2b38f40b724087377cecba) Importer(815301076,1909f56bfc062723c751e8b465ee728b)  -> (artifact id: 'b5db491d3a8d61ad451369d6ed21fb2d') in 0.002788 seconds 
========================================================================
Received Import Request.
  Time since last request: 0.981505 seconds.
  path: Assets/Prefab
  artifactKey: Guid(4feaa48cdb2b38f40b724087377cecba) Importer(2089858483,934ff659095e30574adcf32a4c2f97b5)
Start importing Assets/Prefab using Guid(4feaa48cdb2b38f40b724087377cecba) Importer(2089858483,934ff659095e30574adcf32a4c2f97b5) Generated GUIDs only implemented for interfaces!
 -> (artifact id: '78754151d4a787e13118b01ee4d64a60') in 0.005539 seconds 
========================================================================
Received Import Request.
  Time since last request: 86.129787 seconds.
  path: Assets/Scipts/Enemies
  artifactKey: Guid(d680c47c543d9f743ba64b87d0ae2bb4) Importer(2089858483,934ff659095e30574adcf32a4c2f97b5)
Start importing Assets/Scipts/Enemies using Guid(d680c47c543d9f743ba64b87d0ae2bb4) Importer(2089858483,934ff659095e30574adcf32a4c2f97b5) Generated GUIDs only implemented for interfaces!
 -> (artifact id: 'add0ab8677e3e5917ed8678e55b6b0bb') in 0.009470 seconds 
